mode: set
employee-service/analyze/analyze.go:57.69,61.74 2 0
employee-service/analyze/analyze.go:61.74,63.58 1 0
employee-service/analyze/analyze.go:63.58,67.18 3 0
employee-service/analyze/analyze.go:67.18,70.5 2 0
employee-service/analyze/analyze.go:73.4,73.36 1 0
employee-service/analyze/analyze.go:73.36,74.46 1 0
employee-service/analyze/analyze.go:74.46,76.26 1 0
employee-service/analyze/analyze.go:76.26,79.46 2 0
employee-service/analyze/analyze.go:79.46,81.49 2 0
employee-service/analyze/analyze.go:81.49,83.9 1 0
employee-service/analyze/analyze.go:83.14,83.55 1 0
employee-service/analyze/analyze.go:83.55,85.9 1 0
employee-service/analyze/analyze.go:88.7,88.37 1 0
employee-service/analyze/analyze.go:88.37,89.41 1 0
employee-service/analyze/analyze.go:89.41,91.9 1 0
employee-service/analyze/analyze.go:92.8,96.9 1 0
employee-service/analyze/analyze.go:102.3,102.13 1 0
employee-service/analyze/analyze.go:106.2,107.16 2 0
employee-service/analyze/analyze.go:107.16,109.3 1 0
employee-service/analyze/analyze.go:111.2,111.18 1 0
employee-service/analyze/analyze.go:114.64,119.16 4 0
employee-service/analyze/analyze.go:119.16,121.3 1 0
employee-service/analyze/analyze.go:123.2,123.36 1 0
employee-service/analyze/analyze.go:123.36,125.52 2 0
employee-service/analyze/analyze.go:125.52,131.4 1 0
employee-service/analyze/analyze.go:134.2,135.16 2 0
employee-service/analyze/analyze.go:135.16,137.3 1 0
employee-service/analyze/analyze.go:140.2,140.46 1 0
employee-service/analyze/analyze.go:140.46,141.61 1 0
employee-service/analyze/analyze.go:141.61,142.47 1 0
employee-service/analyze/analyze.go:142.47,143.28 1 0
employee-service/analyze/analyze.go:143.28,149.6 1 0
employee-service/analyze/analyze.go:149.11,155.6 1 0
employee-service/analyze/analyze.go:156.5,156.10 1 0
employee-service/analyze/analyze.go:157.10,163.5 1 0
employee-service/analyze/analyze.go:167.2,167.53 1 0
employee-service/analyze/analyze.go:170.85,176.39 5 0
employee-service/analyze/analyze.go:176.39,180.38 4 0
employee-service/analyze/analyze.go:180.38,182.4 1 0
employee-service/analyze/analyze.go:183.3,183.78 1 0
employee-service/analyze/analyze.go:186.2,189.12 4 0
employee-service/analyze/analyze.go:192.50,194.81 2 0
employee-service/analyze/analyze.go:194.81,195.17 1 0
employee-service/analyze/analyze.go:195.17,197.4 1 0
employee-service/analyze/analyze.go:198.3,198.54 1 0
employee-service/analyze/analyze.go:198.54,200.4 1 0
employee-service/analyze/analyze.go:201.3,201.13 1 0
employee-service/analyze/analyze.go:203.2,203.16 1 0
employee-service/analyze/analyze.go:203.16,205.3 1 0
employee-service/analyze/analyze.go:206.2,206.21 1 0
employee-service/analyze/analyze.go:209.67,211.16 2 0
employee-service/analyze/analyze.go:211.16,213.3 1 0
employee-service/analyze/analyze.go:215.2,216.54 2 0
employee-service/analyze/analyze.go:216.54,218.3 1 0
employee-service/analyze/analyze.go:220.2,221.45 2 0
employee-service/analyze/analyze.go:221.45,223.79 2 0
employee-service/analyze/analyze.go:223.79,225.4 1 0
employee-service/analyze/analyze.go:226.3,227.42 2 0
employee-service/analyze/analyze.go:230.2,230.23 1 0
employee-service/analyze/analyze.go:233.65,237.2 3 0
employee-service/analyze/analyze.go:239.64,241.34 2 0
employee-service/analyze/analyze.go:241.34,243.3 1 0
employee-service/analyze/analyze.go:244.2,244.12 1 0
employee-service/analyze/analyze.go:247.13,254.17 5 0
employee-service/analyze/analyze.go:254.17,256.3 1 0
employee-service/analyze/analyze.go:259.2,259.45 1 0
employee-service/main.go:14.13,16.23 2 0
employee-service/main.go:16.23,18.6 1 0
employee-service/main.go:20.5,21.19 2 0
employee-service/main.go:21.19,23.6 1 0
employee-service/main.go:24.5,27.19 4 0
employee-service/main.go:27.19,29.6 1 0
employee-service/main.go:30.5,41.49 9 0
employee-service/handlers/employeebyID.go:18.80,21.16 3 0
employee-service/handlers/employeebyID.go:21.16,24.3 2 0
employee-service/handlers/employeebyID.go:25.2,30.16 6 0
employee-service/handlers/employeebyID.go:30.16,31.34 1 0
employee-service/handlers/employeebyID.go:31.34,33.4 1 0
employee-service/handlers/employeebyID.go:33.9,35.4 1 0
employee-service/handlers/employeebyID.go:36.3,36.9 1 0
employee-service/handlers/employeebyID.go:38.2,38.37 1 0
employee-service/handlers/getEmployees.go:15.77,20.16 5 0
employee-service/handlers/getEmployees.go:20.16,23.3 2 0
employee-service/handlers/getEmployees.go:24.2,26.51 3 0
employee-service/handlers/getEmployees.go:26.51,29.3 2 0
employee-service/handlers/getEmployees.go:30.2,30.38 1 0
employee-service/handlers/register.go:19.64,21.2 1 0
employee-service/handlers/register.go:25.84,27.66 2 0
employee-service/handlers/register.go:27.66,30.3 2 0
employee-service/handlers/register.go:31.2,37.33 5 0
employee-service/handlers/register.go:37.33,38.17 1 0
employee-service/handlers/register.go:38.17,40.4 1 0
employee-service/handlers/register.go:40.9,42.4 1 0
employee-service/handlers/register.go:43.3,43.9 1 0
employee-service/handlers/register.go:47.2,48.33 2 0
employee-service/handlers/register.go:48.33,49.17 1 0
employee-service/handlers/register.go:49.17,51.4 1 0
employee-service/handlers/register.go:51.9,53.4 1 0
employee-service/handlers/register.go:54.3,54.9 1 0
employee-service/handlers/register.go:58.2,60.16 3 0
employee-service/handlers/register.go:60.16,63.3 2 0
employee-service/handlers/register.go:65.2,65.30 1 0
employee-service/handlers/employeebyID.go:18.80,21.16 3 1
employee-service/handlers/employeebyID.go:21.16,24.3 2 1
employee-service/handlers/employeebyID.go:25.2,30.16 6 1
employee-service/handlers/employeebyID.go:30.16,31.34 1 1
employee-service/handlers/employeebyID.go:31.34,33.4 1 1
employee-service/handlers/employeebyID.go:33.9,35.4 1 1
employee-service/handlers/employeebyID.go:36.3,36.9 1 1
employee-service/handlers/employeebyID.go:38.2,38.37 1 1
employee-service/handlers/getEmployees.go:15.77,20.16 5 1
employee-service/handlers/getEmployees.go:20.16,23.3 2 1
employee-service/handlers/getEmployees.go:24.2,26.51 3 1
employee-service/handlers/getEmployees.go:26.51,29.3 2 0
employee-service/handlers/getEmployees.go:30.2,30.38 1 1
employee-service/handlers/register.go:19.64,21.2 1 1
employee-service/handlers/register.go:25.84,27.66 2 1
employee-service/handlers/register.go:27.66,30.3 2 0
employee-service/handlers/register.go:31.2,37.33 5 1
employee-service/handlers/register.go:37.33,38.17 1 1
employee-service/handlers/register.go:38.17,40.4 1 1
employee-service/handlers/register.go:40.9,42.4 1 0
employee-service/handlers/register.go:43.3,43.9 1 1
employee-service/handlers/register.go:47.2,48.33 2 0
employee-service/handlers/register.go:48.33,49.17 1 0
employee-service/handlers/register.go:49.17,51.4 1 0
employee-service/handlers/register.go:51.9,53.4 1 0
employee-service/handlers/register.go:54.3,54.9 1 0
employee-service/handlers/register.go:58.2,60.16 3 0
employee-service/handlers/register.go:60.16,63.3 2 0
employee-service/handlers/register.go:65.2,65.30 1 0
