mode: set
employee-service/handlers/employee.go:20.64,22.2 1 0
employee-service/handlers/employee.go:24.84,26.69 2 0
employee-service/handlers/employee.go:26.69,29.6 2 0
employee-service/handlers/employee.go:30.5,34.19 5 0
employee-service/handlers/employee.go:34.19,37.6 2 0
employee-service/handlers/employee.go:38.5,38.38 1 0
employee-service/handlers/employee.go:41.80,44.19 3 0
employee-service/handlers/employee.go:44.19,47.6 2 0
employee-service/handlers/employee.go:48.5,53.19 6 0
employee-service/handlers/employee.go:53.19,54.40 1 0
employee-service/handlers/employee.go:54.40,57.10 2 0
employee-service/handlers/employee.go:58.9,59.15 2 0
employee-service/handlers/employee.go:61.5,61.40 1 0
employee-service/handlers/employee.go:64.77,69.19 5 0
employee-service/handlers/employee.go:69.19,72.6 2 0
employee-service/handlers/employee.go:73.5,75.54 3 0
employee-service/handlers/employee.go:75.54,78.6 2 0
employee-service/handlers/employee.go:79.5,79.41 1 0
employee-service/cmd/employee-service/main.go:16.13,18.23 2 0
employee-service/cmd/employee-service/main.go:18.23,20.6 1 0
employee-service/cmd/employee-service/main.go:22.5,23.19 2 0
employee-service/cmd/employee-service/main.go:23.19,25.6 1 0
employee-service/cmd/employee-service/main.go:26.5,29.19 4 0
employee-service/cmd/employee-service/main.go:29.19,31.6 1 0
employee-service/cmd/employee-service/main.go:32.5,44.49 9 0
employee-service/handlers/employee.go:20.64,22.2 1 1
employee-service/handlers/employee.go:24.84,26.69 2 1
employee-service/handlers/employee.go:26.69,29.6 2 0
employee-service/handlers/employee.go:30.5,34.19 5 1
employee-service/handlers/employee.go:34.19,37.6 2 0
employee-service/handlers/employee.go:38.5,38.38 1 1
employee-service/handlers/employee.go:41.80,44.19 3 1
employee-service/handlers/employee.go:44.19,47.6 2 0
employee-service/handlers/employee.go:48.5,53.19 6 1
employee-service/handlers/employee.go:53.19,54.40 1 0
employee-service/handlers/employee.go:54.40,57.10 2 0
employee-service/handlers/employee.go:58.9,59.15 2 0
employee-service/handlers/employee.go:61.5,61.40 1 1
employee-service/handlers/employee.go:64.77,69.19 5 1
employee-service/handlers/employee.go:69.19,72.6 2 0
employee-service/handlers/employee.go:73.5,75.54 3 1
employee-service/handlers/employee.go:75.54,78.6 2 0
employee-service/handlers/employee.go:79.5,79.41 1 1
